<?xml version="1.0" encoding="UTF-8"?>
<!-- Generated by org.testng.reporters.JUnitXMLReporter -->
<testsuite ignored="0" hostname="gunjankumar-mac" failures="1" tests="1" name="Surefire test" time="25.712" errors="0" timestamp="2024-05-16T18:37:22 IST">
  <testcase classname="testCases.TestOn" name="runTest" time="25.702">
    <failure type="java.lang.AssertionError" message="Bad Credentials">
      <![CDATA[java.lang.AssertionError: Bad Credentials
at pages.LoginPage.signInToIrctcPortal(LoginPage.java:43)
at testCases.TestOn.runTest(TestOn.java:13)
at java.base/java.util.ArrayList.forEach(ArrayList.java:1596)
... Removed 31 stack frames]]>
    </failure>
  </testcase> <!-- runTest -->
</testsuite> <!-- Surefire test -->
